[    0.000000] Initializing cgroup subsys cpuset
[    0.000000] Initializing cgroup subsys cpu
[    0.000000] Initializing cgroup subsys cpuacct
[    0.000000] Linux version 4.4.0-89-generic (buildd@lgw01-18) (gcc version 5.4.0 20160609 (Ubuntu 5.4.0-6ubuntu1~16.04.4) ) #112-Ubuntu SMP Mon Jul 31 19:38:41 UTC 2017 (Ubuntu 4.4.0-89.112-generic 4.4.76)
[    0.000000] Command line: BOOT_IMAGE=/boot/vmlinuz-4.4.0-89-generic root=UUID=bcf61b82-55ff-4907-97b9-ecb6fc02dd7e ro console=tty1 console=ttyS0
[    0.000000] KERNEL supported cpus:
[    0.000000]   Intel GenuineIntel
[    0.000000]   AMD AuthenticAMD
[    0.000000]   Centaur CentaurHauls
[    0.000000] ------------[ cut here ]------------
[    0.000000] WARNING: CPU: 0 PID: 0 at /build/linux-YaBj6t/linux-4.4.0/arch/x86/kernel/fpu/xstate.c:517 fpu__init_system_xstate+0x38b/0x75a()
[    0.000000] XSAVE consistency problem, dumping leaves
[    0.000000] Modules linked in:
[    0.000000] CPU: 0 PID: 0 Comm: swapper Not tainted 4.4.0-89-generic #112-Ubuntu
[    0.000000]  0000000000000086 e377be4af47f0cc9 ffffffff81e03d80 ffffffff813f9c83
[    0.000000]  ffffffff81e03dc8 ffffffff81caa208 ffffffff81e03db8 ffffffff81081312
[    0.000000]  ffffffff81e03e48 ffffffff81e03e4c 0000000000000008 0000000000000100
[    0.000000] Call Trace:
[    0.000000]  [<ffffffff813f9c83>] dump_stack+0x63/0x90
[    0.000000]  [<ffffffff81081312>] warn_slowpath_common+0x82/0xc0
[    0.000000]  [<ffffffff810813ac>] warn_slowpath_fmt+0x5c/0x80
[    0.000000]  [<ffffffff8107d020>] ? xfeature_size+0x59/0x77
[    0.000000]  [<ffffffff81f6d206>] fpu__init_system_xstate+0x38b/0x75a
[    0.000000]  [<ffffffff81f5d120>] ? early_idt_handler_array+0x120/0x120
[    0.000000]  [<ffffffff81f6cb71>] fpu__init_system+0x10d/0x245
[    0.000000]  [<ffffffff81f6dc7a>] early_cpu_init+0x139/0x13e
[    0.000000]  [<ffffffff81f6dc7a>] ? early_cpu_init+0x139/0x13e
[    0.000000]  [<ffffffff81f69181>] setup_arch+0xb4/0xcf1
[    0.000000]  [<ffffffff81f5d120>] ? early_idt_handler_array+0x120/0x120
[    0.000000]  [<ffffffff81f5dc74>] start_kernel+0xe4/0x4a2
[    0.000000]  [<ffffffff81f5d120>] ? early_idt_handler_array+0x120/0x120
[    0.000000]  [<ffffffff81f5d339>] x86_64_start_reservations+0x2a/0x2c
[    0.000000]  [<ffffffff81f5d485>] x86_64_start_kernel+0x14a/0x16d
[    0.000000] ---[ end trace 4d5ff9f2f68c4233 ]---
[    0.000000] CPUID[0d, 00]: eax=00000007 ebx=00000440 ecx=00000440 edx=00000000
[    0.000000] CPUID[0d, 01]: eax=00000000 ebx=000003c0 ecx=00000000 edx=00000000
[    0.000000] CPUID[0d, 02]: eax=00000100 ebx=00000240 ecx=00000000 edx=00000000
[    0.000000] CPUID[0d, 03]: eax=00000000 ebx=00000000 ecx=00000000 edx=00000000
[    0.000000] CPUID[0d, 04]: eax=00000000 ebx=00000000 ecx=00000000 edx=00000000
[    0.000000] CPUID[0d, 05]: eax=00000000 ebx=00000000 ecx=00000000 edx=00000000
[    0.000000] CPUID[0d, 06]: eax=00000000 ebx=00000000 ecx=00000000 edx=00000000
[    0.000000] CPUID[0d, 07]: eax=00000000 ebx=00000000 ecx=00000000 edx=00000000
[    0.000000] CPUID[0d, 08]: eax=00000000 ebx=00000000 ecx=00000000 edx=00000000
[    0.000000] CPUID[0d, 09]: eax=00000000 ebx=00000000 ecx=00000000 edx=00000000
[    0.000000] CPUID[0d, 0a]: eax=00000000 ebx=00000000 ecx=00000000 edx=00000000
[    0.000000] CPUID[0d, 0b]: eax=00000000 ebx=00000000 ecx=00000000 edx=00000000
[    0.000000] CPUID[0d, 0c]: eax=00000000 ebx=00000000 ecx=00000000 edx=00000000
[    0.000000] CPUID[0d, 0d]: eax=00000000 ebx=00000000 ecx=00000000 edx=00000000
[    0.000000] CPUID[0d, 0e]: eax=00000000 ebx=00000000 ecx=00000000 edx=00000000
[    0.000000] CPUID[0d, 0f]: eax=00000000 ebx=00000000 ecx=00000000 edx=00000000
[    0.000000] CPUID[0d, 10]: eax=00000000 ebx=00000000 ecx=00000000 edx=00000000
[    0.000000] CPUID[0d, 11]: eax=00000000 ebx=00000000 ecx=00000000 edx=00000000
[    0.000000] x86/fpu: xstate_offset[2]:  576, xstate_sizes[2]:  256
[    0.000000] x86/fpu: Supporting XSAVE feature 0x01: 'x87 floating point registers'
[    0.000000] x86/fpu: Supporting XSAVE feature 0x02: 'SSE registers'
[    0.000000] x86/fpu: Supporting XSAVE feature 0x04: 'AVX registers'
[    0.000000] x86/fpu: Enabled xstate features 0x7, context size is 1088 bytes, using 'standard' format.
[    0.000000] x86/fpu: Using 'lazy' FPU context switches.
[    0.000000] e820: BIOS-provided physical RAM map:
[    0.000000] BIOS-e820: [mem 0x0000000000000000-0x000000000009fbff] usable
[    0.000000] BIOS-e820: [mem 0x000000000009fc00-0x000000000009ffff] reserved
[    0.000000] BIOS-e820: [mem 0x00000000000f0000-0x00000000000fffff] reserved
[    0.000000] BIOS-e820: [mem 0x0000000000100000-0x000000003ffeffff] usable
[    0.000000] BIOS-e820: [mem 0x000000003fff0000-0x000000003fffffff] ACPI data
[    0.000000] BIOS-e820: [mem 0x00000000fec00000-0x00000000fec00fff] reserved
[    0.000000] BIOS-e820: [mem 0x00000000fee00000-0x00000000fee00fff] reserved
[    0.000000] BIOS-e820: [mem 0x00000000fffc0000-0x00000000ffffffff] reserved
[    0.000000] NX (Execute Disable) protection: active
[    0.000000] SMBIOS 2.5 present.
[    0.000000] Hypervisor detected: KVM
[    0.000000] e820: last_pfn = 0x3fff0 max_arch_pfn = 0x400000000
[    0.000000] MTRR: Disabled
[    0.000000] x86/PAT: MTRRs disabled, skipping PAT initialization too.
[    0.000000] x86/PAT: Configuration [0-7]: WB  WT  UC- UC  WB  WT  UC- UC  
[    0.000000] CPU MTRRs all blank - virtualized system.
[    0.000000] found SMP MP-table at [mem 0x0009fff0-0x0009ffff] mapped at [ffff88000009fff0]
[    0.000000] Scanning 1 areas for low memory corruption
[    0.000000] RAMDISK: [mem 0x3622e000-0x3710efff]
[    0.000000] ACPI: Early table checksum verification disabled
[    0.000000] ACPI: RSDP 0x00000000000E0000 000024 (v02 VBOX  )
[    0.000000] ACPI: XSDT 0x000000003FFF0030 00003C (v01 VBOX   VBOXXSDT 00000001 ASL  00000061)
[    0.000000] ACPI: FACP 0x000000003FFF00F0 0000F4 (v04 VBOX   VBOXFACP 00000001 ASL  00000061)
[    0.000000] ACPI: DSDT 0x000000003FFF0470 0021C8 (v02 VBOX   VBOXBIOS 00000002 INTL 20100528)
[    0.000000] ACPI: FACS 0x000000003FFF0200 000040
[    0.000000] ACPI: FACS 0x000000003FFF0200 000040
[    0.000000] ACPI: APIC 0x000000003FFF0240 00005C (v02 VBOX   VBOXAPIC 00000001 ASL  00000061)
[    0.000000] ACPI: SSDT 0x000000003FFF02A0 0001CC (v01 VBOX   VBOXCPUT 00000002 INTL 20100528)
[    0.000000] No NUMA configuration found
[    0.000000] Faking a node at [mem 0x0000000000000000-0x000000003ffeffff]
[    0.000000] NODE_DATA(0) allocated [mem 0x3ffeb000-0x3ffeffff]
[    0.000000] kvm-clock: Using msrs 4b564d01 and 4b564d00
[    0.000000] kvm-clock: cpu 0, msr 0:3ffe3001, primary cpu clock
[    0.000000] kvm-clock: using sched offset of 3471606865 cycles
[    0.000000] clocksource: kvm-clock: mask: 0xffffffffffffffff max_cycles: 0x1cd42e4dffb, max_idle_ns: 881590591483 ns
[    0.000000] Zone ranges:
[    0.000000]   DMA      [mem 0x0000000000001000-0x0000000000ffffff]
[    0.000000]   DMA32    [mem 0x0000000001000000-0x000000003ffeffff]
[    0.000000]   Normal   empty
[    0.000000]   Device   empty
[    0.000000] Movable zone start for each node
[    0.000000] Early memory node ranges
[    0.000000]   node   0: [mem 0x0000000000001000-0x000000000009efff]
[    0.000000]   node   0: [mem 0x0000000000100000-0x000000003ffeffff]
[    0.000000] Initmem setup node 0 [mem 0x0000000000001000-0x000000003ffeffff]
[    0.000000] ACPI: PM-Timer IO Port: 0x4008
[    0.000000] IOAPIC[0]: apic_id 2, version 32, address 0xfec00000, GSI 0-23
[    0.000000] ACPI: INT_SRC_OVR (bus 0 bus_irq 0 global_irq 2 dfl dfl)
[    0.000000] ACPI: INT_SRC_OVR (bus 0 bus_irq 9 global_irq 9 high level)
[    0.000000] Using ACPI (MADT) for SMP configuration information
[    0.000000] smpboot: Allowing 2 CPUs, 0 hotplug CPUs
[    0.000000] PM: Registered nosave memory: [mem 0x00000000-0x00000fff]
[    0.000000] PM: Registered nosave memory: [mem 0x0009f000-0x0009ffff]
[    0.000000] PM: Registered nosave memory: [mem 0x000a0000-0x000effff]
[    0.000000] PM: Registered nosave memory: [mem 0x000f0000-0x000fffff]
[    0.000000] e820: [mem 0x40000000-0xfebfffff] available for PCI devices
[    0.000000] Booting paravirtualized kernel on KVM
[    0.000000] clocksource: refined-jiffies: mask: 0xffffffff max_cycles: 0xffffffff, max_idle_ns: 7645519600211568 ns
[    0.000000] setup_percpu: NR_CPUS:512 nr_cpumask_bits:512 nr_cpu_ids:2 nr_node_ids:1
[    0.000000] PERCPU: Embedded 33 pages/cpu @ffff88003fc00000 s98264 r8192 d28712 u1048576
[    0.000000] PV qspinlock hash table entries: 256 (order: 0, 4096 bytes)
[    0.000000] Built 1 zonelists in Node order, mobility grouping on.  Total pages: 257913
[    0.000000] Policy zone: DMA32
[    0.000000] Kernel command line: BOOT_IMAGE=/boot/vmlinuz-4.4.0-89-generic root=UUID=bcf61b82-55ff-4907-97b9-ecb6fc02dd7e ro console=tty1 console=ttyS0
[    0.000000] PID hash table entries: 4096 (order: 3, 32768 bytes)
[    0.000000] Memory: 997340K/1048120K available (8474K kernel code, 1294K rwdata, 3984K rodata, 1488K init, 1316K bss, 50780K reserved, 0K cma-reserved)
[    0.000000] SLUB: HWalign=64, Order=0-3, MinObjects=0, CPUs=2, Nodes=1
[    0.000000] Hierarchical RCU implementation.
[    0.000000] 	Build-time adjustment of leaf fanout to 64.
[    0.000000] 	RCU restricting CPUs from NR_CPUS=512 to nr_cpu_ids=2.
[    0.000000] RCU: Adjusting geometry for rcu_fanout_leaf=64, nr_cpu_ids=2
[    0.000000] NR_IRQS:33024 nr_irqs:440 16
[    0.000000] Console: colour VGA+ 80x25
[    0.000000] console [tty1] enabled
[    0.000000] console [ttyS0] enabled
[    0.000000] tsc: Detected 2592.002 MHz processor
[   12.210435] Calibrating delay loop (skipped) preset value.. 5184.00 BogoMIPS (lpj=10368008)
[   12.213541] pid_max: default: 32768 minimum: 301
[   12.215063] ACPI: Core revision 20150930
[   12.295380] ACPI: 2 ACPI AML tables successfully acquired and loaded
[   12.428720] Security Framework initialized
[   12.429826] Yama: becoming mindful.
[   12.431885] AppArmor: AppArmor initialized
[   12.458212] Dentry cache hash table entries: 131072 (order: 8, 1048576 bytes)
[   12.486748] Inode-cache hash table entries: 65536 (order: 7, 524288 bytes)
[   12.595731] Mount-cache hash table entries: 2048 (order: 2, 16384 bytes)
[   12.707380] Mountpoint-cache hash table entries: 2048 (order: 2, 16384 bytes)
[   12.776695] Initializing cgroup subsys io
[   12.845455] Initializing cgroup subsys memory
[   12.947494] Initializing cgroup subsys devices
[   12.989742] Initializing cgroup subsys freezer
[   13.053852] Initializing cgroup subsys net_cls
[   13.099446] Initializing cgroup subsys perf_event
[   13.155059] Initializing cgroup subsys net_prio
[   13.257332] Initializing cgroup subsys hugetlb
[   13.365814] Initializing cgroup subsys pids
[   13.468609] CPU: Physical Processor ID: 0
[   13.565613] CPU: Processor Core ID: 0
[   13.645903] mce: CPU supports 0 MCE banks
[   13.726582] Last level iTLB entries: 4KB 64, 2MB 8, 4MB 8
[   13.799703] Last level dTLB entries: 4KB 64, 2MB 0, 4MB 0, 1GB 4
[   13.859012] Freeing SMP alternatives memory: 32K (ffffffff820b9000 - ffffffff820c1000)
[   14.038848] ftrace: allocating 32131 entries in 126 pages
[   14.132071] smpboot: APIC(0) Converting physical 0 to logical package 0
[   14.224585] smpboot: Max logical packages: 1
[   14.265752] x2apic enabled
[   14.309972] Switched APIC routing to physical x2apic.
[   14.354865] ..TIMER: vector=0x30 apic1=0 pin1=2 apic2=-1 pin2=-1
[   14.601735] smpboot: CPU0: Intel(R) Core(TM) i7-6700HQ CPU @ 2.60GHz (family: 0x6, model: 0x5e, stepping: 0x3)
[   14.823506] Performance Events: unsupported p6 CPU model 94 no PMU driver, software events only.
[   15.018893] KVM setup paravirtual spinlock
[   15.086966] x86: Booting SMP configuration:
[   15.203984] .... node  #0, CPUs:      #1
[   15.266397] kvm-clock: cpu 1, msr 0:3ffe3041, secondary cpu clock
[   15.305826] mce: CPU supports 0 MCE banks
[   15.346361] x86: Booted up 1 node, 2 CPUs
[   15.431943] smpboot: Total of 2 processors activated (10368.00 BogoMIPS)
[   15.633762] devtmpfs: initialized
[   15.722116] evm: security.selinux
[   15.815414] evm: security.SMACK64
[   15.890411] evm: security.SMACK64EXEC
[   15.994400] evm: security.SMACK64TRANSMUTE
[   16.106110] evm: security.SMACK64MMAP
[   16.205891] evm: security.ima
[   16.293294] evm: security.capability
[   16.352691] clocksource: jiffies: mask: 0xffffffff max_cycles: 0xffffffff, max_idle_ns: 7645041785100000 ns
[   16.612087] futex hash table entries: 512 (order: 3, 32768 bytes)
[   16.731411] pinctrl core: initialized pinctrl subsystem
[   16.862653] RTC time:  1:16:25, date: 08/09/17
[   16.983671] NET: Registered protocol family 16
[   17.105289] cpuidle: using governor ladder
[   17.230531] cpuidle: using governor menu
[   17.342541] PCCT header not found.
[   17.424625] ACPI: bus type PCI registered
[   17.485280] acpiphp: ACPI Hot Plug PCI Controller Driver version: 0.5
[   17.637859] PCI: Using configuration type 1 for base access
[   17.787013] ACPI: Added _OSI(Module Device)
[   17.895760] ACPI: Added _OSI(Processor Device)
[   17.914632] ACPI: Added _OSI(3.0 _SCP Extensions)
[   17.971219] ACPI: Added _OSI(Processor Aggregator Device)
[   17.976043] ACPI: Executed 1 blocks of module-level executable AML code
[   18.101774] ACPI: Interpreter enabled
[   18.205166] ACPI: (supports S0 S5)
[   18.227039] ACPI: Using IOAPIC for interrupt routing
[   18.350999] PCI: Using host bridge windows from ACPI; if necessary, use "pci=nocrs" and report a bug
[   18.494240] ACPI: PCI Root Bridge [PCI0] (domain 0000 [bus 00-ff])
[   18.636427] acpi PNP0A03:00: _OSC: OS supports [ASPM ClockPM Segments MSI]
[   18.814685] acpi PNP0A03:00: _OSC failed (AE_NOT_FOUND); disabling ASPM
[   18.920096] acpi PNP0A03:00: fail to add MMCONFIG information, can't access extended PCI configuration space under this bridge.
[   19.245310] PCI host bridge to bus 0000:00
[   19.246297] pci_bus 0000:00: root bus resource [io  0x0000-0x0cf7 window]
[   19.366973] pci_bus 0000:00: root bus resource [io  0x0d00-0xffff window]
[   19.557766] pci_bus 0000:00: root bus resource [mem 0x000a0000-0x000bffff window]
[   19.721289] pci_bus 0000:00: root bus resource [mem 0x40000000-0xffdfffff window]
[   19.802396] pci_bus 0000:00: root bus resource [bus 00-ff]
[   19.944103] pci 0000:00:01.1: legacy IDE quirk: reg 0x10: [io  0x01f0-0x01f7]
[   20.007308] pci 0000:00:01.1: legacy IDE quirk: reg 0x14: [io  0x03f6]
[   20.046587] pci 0000:00:01.1: legacy IDE quirk: reg 0x18: [io  0x0170-0x0177]
[   20.053318] pci 0000:00:01.1: legacy IDE quirk: reg 0x1c: [io  0x0376]
[   20.078997] pci 0000:00:07.0: quirk: [io  0x4000-0x403f] claimed by PIIX4 ACPI
[   20.130811] pci 0000:00:07.0: quirk: [io  0x4100-0x410f] claimed by PIIX4 SMB
[   20.138985] ACPI: PCI Interrupt Link [LNKA] (IRQs 5 9 10 *11)
[   20.286988] ACPI: PCI Interrupt Link [LNKB] (IRQs 5 9 10 *11)
[   20.431627] ACPI: PCI Interrupt Link [LNKC] (IRQs 5 9 *10 11)
[   20.579166] ACPI: PCI Interrupt Link [LNKD] (IRQs 5 *9 10 11)
[   20.657257] ACPI: Enabled 2 GPEs in block 00 to 07
[   20.726804] vgaarb: setting as boot device: PCI:0000:00:02.0
[   20.865869] vgaarb: device added: PCI:0000:00:02.0,decodes=io+mem,owns=io+mem,locks=none
[   20.895816] vgaarb: loaded
[   20.963254] vgaarb: bridge control possible 0000:00:02.0
[   21.069440] SCSI subsystem initialized
[   21.152801] ACPI: bus type USB registered
[   21.222283] usbcore: registered new interface driver usbfs
[   21.225508] usbcore: registered new interface driver hub
[   21.226706] usbcore: registered new device driver usb
[   21.228134] PCI: Using ACPI for IRQ routing
[   21.318003] NetLabel: Initializing
[   21.364845] NetLabel:  domain hash size = 128
[   21.453525] NetLabel:  protocols = UNLABELED CIPSOv4
[   21.554541] NetLabel:  unlabeled traffic allowed by default
[   21.699260] amd_nb: Cannot enumerate AMD northbridges
[   21.748268] clocksource: Switched to clocksource kvm-clock
[   21.773307] AppArmor: AppArmor Filesystem Enabled
[   21.905395] pnp: PnP ACPI init
[   21.999301] pnp: PnP ACPI: found 3 devices
[   22.150402] clocksource: acpi_pm: mask: 0xffffff max_cycles: 0xffffff, max_idle_ns: 2085701024 ns
[   22.413602] NET: Registered protocol family 2
[   22.549089] TCP established hash table entries: 8192 (order: 4, 65536 bytes)
[   22.749919] TCP bind hash table entries: 8192 (order: 5, 131072 bytes)
[   22.913183] TCP: Hash tables configured (established 8192 bind 8192)
[   23.104413] UDP hash table entries: 512 (order: 2, 16384 bytes)
[   23.283138] UDP-Lite hash table entries: 512 (order: 2, 16384 bytes)
[   23.381481] NET: Registered protocol family 1
[   23.416046] pci 0000:00:00.0: Limiting direct PCI/PCI transfers
[   23.573050] pci 0000:00:01.0: Activating ISA DMA hang workarounds
[   23.770447] Unpacking initramfs...
[   24.186970] Freeing initrd memory: 15236K (ffff88003622e000 - ffff88003710f000)
[   24.366619] platform rtc_cmos: registered platform RTC device (no PNP device found)
[   24.556088] Scanning for low memory corruption every 60 seconds
[   24.618594] audit: initializing netlink subsys (disabled)
[   24.633852] audit: type=2000 audit(1502241376.730:1): initialized
[   24.653108] Initialise system trusted keyring
[   24.692049] HugeTLB registered 2 MB page size, pre-allocated 0 pages
[   24.842878] zbud: loaded
[   24.887554] VFS: Disk quotas dquot_6.6.0
[   24.957717] VFS: Dquot-cache hash table entries: 512 (order 0, 4096 bytes)
[   25.014720] squashfs: version 4.0 (2009/01/31) Phillip Lougher
[   25.121936] fuse init (API version 7.23)
[   25.216269] Key type big_key registered
[   25.217223] Allocating IMA MOK and blacklist keyrings.
[   25.330856] Key type asymmetric registered
[   25.364519] tsc: Refined TSC clocksource calibration: 2591.751 MHz
[   25.432890] clocksource: tsc: mask: 0xffffffffffffffff max_cycles: 0x255bcbaa9bd, max_idle_ns: 440795261404 ns
[   25.432963] Asymmetric key parser 'x509' registered
ÿ[   25.433028] Block layer SCSI generic (bsg) driver version 0.4 loaded (major 249)
[   25.433077] io scheduler noop registered
[   25.433079] io scheduler deadline registered (default)
[   25.433106] io scheduler cfq registered
[   25.433190] pci_hotplug: PCI Hot Plug PCI Core version: 0.5
[   25.433195] pciehp: PCI Express Hot Plug Controller Driver version: 0.4
[   25.433372] ACPI: AC Adapter [AC] (on-line)
[   25.433469] input: Power Button as /devices/LNXSYSTM:00/LNXPWRBN:00/input/input0
[   25.433493] ACPI: Power Button [PWRF]
[   25.433561] input: Sleep Button as /devices/LNXSYSTM:00/LNXSLPBN:00/input/input1
[   25.433562] ACPI: Sleep Button [SLPF]
[   25.433708] GHES: HEST is not enabled!
[   25.562055] ACPI: Battery Slot [BAT0] (battery present)
[   25.562147] Serial: 8250/16550 driver, 32 ports, IRQ sharing enabled
[   25.684489] 00:02: ttyS0 at I/O 0x3f8 (irq = 4, base_baud = 115200) is a 16550A
[   25.757229] Linux agpgart interface v0.103
[   25.798678] loop: module loaded
[   25.799715] scsi host0: ata_piix
[   25.799835] scsi host1: ata_piix
[   25.799896] ata1: PATA max UDMA/33 cmd 0x1f0 ctl 0x3f6 bmdma 0xd000 irq 14
[   25.799898] ata2: PATA max UDMA/33 cmd 0x170 ctl 0x376 bmdma 0xd008 irq 15
[   25.800128] libphy: Fixed MDIO Bus: probed
[   25.800149] tun: Universal TUN/TAP device driver, 1.6
[   25.800150] tun: (C) 1999-2004 Max Krasnyansky <maxk@qualcomm.com>
[   25.801078] PPP generic driver version 2.4.2
[   25.801190] ehci_hcd: USB 2.0 'Enhanced' Host Controller (EHCI) Driver
[   25.801197] ehci-pci: EHCI PCI platform driver
[   25.801207] ehci-platform: EHCI generic platform driver
[   25.801221] ohci_hcd: USB 1.1 'Open' Host Controller (OHCI) Driver
[   25.801236] ohci-pci: OHCI PCI platform driver
[   25.801249] ohci-platform: OHCI generic platform driver
[   25.801259] uhci_hcd: USB Universal Host Controller Interface driver
[   25.801352] i8042: PNP: PS/2 Controller [PNP0303:PS2K,PNP0f03:PS2M] at 0x60,0x64 irq 1,12
[   25.802128] serio: i8042 KBD port at 0x60,0x64 irq 1
[   25.802141] serio: i8042 AUX port at 0x60,0x64 irq 12
[   25.802379] mousedev: PS/2 mouse device common for all mice
[   25.802893] input: AT Translated Set 2 keyboard as /devices/platform/i8042/serio0/input/input2
[   25.803568] rtc_cmos rtc_cmos: rtc core: registered rtc_cmos as rtc0
[   25.803743] rtc_cmos rtc_cmos: alarms up to one day, 114 bytes nvram
[   25.803754] i2c /dev entries driver
[   25.803814] device-mapper: uevent: version 1.0.3
[   25.803988] device-mapper: ioctl: 4.34.0-ioctl (2015-10-28) initialised: dm-devel@redhat.com
[   25.804008] ledtrig-cpu: registered to indicate activity on CPUs
[   25.804453] NET: Registered protocol family 10
[   25.804731] NET: Registered protocol family 17
[   25.804745] Key type dns_resolver registered
[   25.805034] microcode: CPU0 sig=0x506e3, pf=0x2, revision=0x0
[   25.850520] microcode: CPU1 sig=0x506e3, pf=0x2, revision=0x0
[   25.850582] microcode: Microcode Update Driver: v2.01 <tigran@aivazian.fsnet.co.uk>, Peter Oruba
[   25.850680] registered taskstats version 1
[   25.850692] Loading compiled-in X.509 certificates
[   25.851228] Loaded X.509 cert 'Build time autogenerated kernel key: 420a71e958a947963108b13c1c2e45412a03ca90'
[   25.851244] zswap: loaded using pool lzo/zbud
[   25.852596] Key type trusted registered
[   25.854493] Key type encrypted registered
[   25.854497] AppArmor: AppArmor sha1 policy hashing enabled
[   25.854499] ima: No TPM chip found, activating TPM-bypass!
[   25.854513] evm: HMAC attrs: 0x1
[   25.854701]   Magic number: 13:509:255
[   25.872332] rtc_cmos rtc_cmos: setting system clock to 2017-08-09 01:16:34 UTC (1502241394)
[   25.872491] BIOS EDD facility v0.16 2004-Jun-25, 0 devices found
[   25.872492] EDD information not available.
[   27.308644] Freeing unused kernel memory: 1488K (ffffffff81f45000 - ffffffff820b9000)
[   27.331161] Write protecting the kernel read-only data: 14336k
[   27.450311] Freeing unused kernel memory: 1752K (ffff88000184a000 - ffff880001a00000)
[   27.596012] Freeing unused kernel memory: 112K (ffff880001de4000 - ffff880001e00000)
Loading, please [   27.812263] random: systemd-udevd: uninitialized urandom read (16 bytes read, 7 bits of entropy available)
wait...
startin[   27.812929] random: udevadm: uninitialized urandom read (16 bytes read, 7 bits of entropy available)
g version 229
[   27.812984] random: udevadm: uninitialized urandom read (16 bytes read, 7 bits of entropy available)
[   27.813094] random: udevadm: uninitialized urandom read (16 bytes read, 7 bits of entropy available)
[   27.813141] random: udevadm: uninitialized urandom read (16 bytes read, 7 bits of entropy available)
[   27.813235] random: udevadm: uninitialized urandom read (16 bytes read, 7 bits of entropy available)
[   27.813288] random: udevadm: uninitialized urandom read (16 bytes read, 7 bits of entropy available)
[   27.813339] random: udevadm: uninitialized urandom read (16 bytes read, 7 bits of entropy available)
[   27.813367] random: udevadm: uninitialized urandom read (16 bytes read, 7 bits of entropy available)
[   27.813398] random: udevadm: uninitialized urandom read (16 bytes read, 7 bits of entropy available)
[   28.965171] e1000: Intel(R) PRO/1000 Network Driver - version 7.3.21-k8-NAPI
[   28.996991] e1000: Copyright (c) 1999-2006 Intel Corporation.
[   29.023139] AVX version of gcm_enc/dec engaged.
[   29.047183] AES CTR mode by8 optimization enabled
[   29.056642] Fusion MPT base driver 3.04.20
[   29.073410] Copyright (c) 1999-2008 LSI Corporation
[   29.112077] Fusion MPT SPI Host driver 3.04.20
[   29.213496] input: ImExPS/2 Generic Explorer Mouse as /devices/platform/i8042/serio1/input/input4
[   29.401626] e1000 0000:00:03.0 eth0: (PCI:33MHz:32-bit) 02:55:49:e6:89:8c
[   29.451202] e1000 0000:00:03.0 eth0: Intel(R) PRO/1000 Network Connection
[   29.570984] e1000 0000:00:03.0 enp0s3: renamed from eth0
[   29.713191] mptbase: ioc0: Initiating bringup
[   29.848789] ioc0: LSI53C1030 A0: Capabilities={Initiator}
[   30.170207] scsi host2: ioc0: LSI53C1030 A0, FwRev=00000000h, Ports=1, MaxQ=256, IRQ=20
[   30.489349] scsi 2:0:0:0: Direct-Access     VBOX     HARDDISK         1.0  PQ: 0 ANSI: 5
[   30.698645] scsi target2:0:0: Beginning Domain Validation
[   30.824695] scsi target2:0:0: Domain Validation skipping write tests
[   31.014187] scsi target2:0:0: Ending Domain Validation
[   31.169748] scsi target2:0:0: asynchronous
[   31.292453] scsi 2:0:1:0: Direct-Access     VBOX     HARDDISK         1.0  PQ: 0 ANSI: 5
[   31.550971] scsi target2:0:1: Beginning Domain Validation
[   31.553785] scsi target2:0:1: Domain Validation skipping write tests
[   31.688510] scsi target2:0:1: Ending Domain Validation
[   31.798213] scsi target2:0:1: asynchronous
[   31.807957] sd 2:0:0:0: [sda] 20971520 512-byte logical blocks: (10.7 GB/10.0 GiB)
[   32.025995] floppy0: no floppy controllers found
[   32.137172] work still pending
[   32.137216] sd 2:0:0:0: Attached scsi generic sg0 type 0
[   32.137484] sd 2:0:1:0: Attached scsi generic sg1 type 0
[   32.311486] sd 2:0:1:0: [sdb] 20480 512-byte logical blocks: (10.5 MB/10.0 MiB)
[   32.525161] sd 2:0:0:0: [sda] Write Protect is off
[   32.536791] sd 2:0:1:0: [sdb] Write Protect is off
[   32.537030] sd 2:0:1:0: [sdb] Incomplete mode parameter data
[   32.537030] sd 2:0:1:0: [sdb] Assuming drive cache: write through
[   32.633026] sd 2:0:1:0: [sdb] Attached SCSI disk
[   32.816755] sd 2:0:0:0: [sda] Incomplete mode parameter data
[   33.000709] sd 2:0:0:0: [sda] Assuming drive cache: write through
[   33.199813]  sda: sda1
[   33.258667] sd 2:0:0:0: [sda] Attached SCSI disk
Begin: Loading e[   34.717485] md: linear personality registered for level -1
ssential drivers[   34.850670] md: multipath personality registered for level -4
 ... [   35.022973] md: raid0 personality registered for level 0
[   35.170674] md: raid1 personality registered for level 1
[   35.336601] raid6: sse2x1   gen()  7941 MB/s
[   35.476466] raid6: sse2x1   xor()  5001 MB/s
[   35.624440] raid6: sse2x2   gen()  8713 MB/s
[   35.760373] raid6: sse2x2   xor()  6409 MB/s
[   35.844588] raid6: sse2x4   gen() 10628 MB/s
[   35.936756] raid6: sse2x4   xor()  6209 MB/s
[   36.043559] raid6: using algorithm sse2x4 gen() 10628 MB/s
[   36.082722] raid6: .... xor() 6209 MB/s, rmw enabled
[   36.213732] raid6: using ssse3x2 recovery algorithm
[   36.320049] xor: automatically using best checksumming function:
[   36.420662]    avx       : 18383.000 MB/sec
[   36.512813] async_tx: api initialized (async)
[   36.612159] md: raid6 personality registered for level 6
[   36.710480] md: raid5 personality registered for level 5
[   36.754541] md: raid4 personality registered for level 4
[   36.826392] md: raid10 personality registered for level 10
done.
Begin: Running /[   36.864281] Btrfs loaded
scripts/init-premount ... done.
Begin: Mounting[   36.953517] EXT4-fs (sda1): INFO: recovery required on readonly filesystem
 root file syste[   37.113101] EXT4-fs (sda1): write access will be enabled during recovery
m ... Begin: Running /scripts/local-top ... done.
Begin: Running /scripts/local-premount ... Scanning for Btrfs filesystems
done.
Warning: fsck not present, so skipping root file system
[   37.430021] EXT4-fs (sda1): orphan cleanup on readonly fs
[   37.545369] EXT4-fs (sda1): 5 orphan inodes deleted
[   37.712377] EXT4-fs (sda1): recovery complete
[   37.844157] EXT4-fs (sda1): mounted filesystem with ordered data mode. Opts: (null)
done.
Begin: Running /[   38.018737] random: nonblocking pool is initialized
scripts/local-bottom ... done.
Begin: Running /scripts/init-bottom ... done.
[   38.269771] systemd[1]: systemd 229 running in system mode. (+PAM +AUDIT +SELINUX +IMA +APPARMOR +SMACK +SYSVINIT +UTMP +LIBCRYPTSETUP +GCRYPT +GNUTLS +ACL +XZ -LZ4 +SECCOMP +BLKID +ELFUTILS +KMOD -IDN)
[   38.353579] systemd[1]: Detected virtualization oracle.
[   38.420387] systemd[1]: Detected architecture x86-64.

Welcome to [1mUbuntu 16.04.2 LTS[0m!

[   38.508580] systemd[1]: Set hostname to <ubuntu-xenial>.
[   38.802804] systemd[1]: Reached target User and Group Name Lookups.
[[0;32m  OK  [0m] Reached target User and Group Name Lookups.
[   39.005049] systemd[1]: Listening on /dev/initctl Compatibility Named Pipe.
[[0;32m  OK  [0m] Listening on /dev/initctl Compatibility Named Pipe.
[   39.141010] systemd[1]: Set up automount Arbitrary Executable File Formats File System Automount Point.
[[0;32m  OK  [0m] Set up automount Arbitrary Executab...ats File System Automount Point.
[   39.296746] systemd[1]: Started Trigger resolvconf update for networkd DNS.
[[0;32m  OK  [0m] Started Trigger resolvconf update for networkd DNS.
[   39.648881] systemd[1]: Listening on LVM2 poll daemon socket.
[[0;32m  OK  [0m] Listening on LVM2 poll daemon socket.
[   39.905317] systemd[1]: Started Forward Password Requests to Wall Directory Watch.
[[0;32m  OK  [0m] Started Forward Password Requests to Wall Directory Watch.
[   40.220854] systemd[1]: Listening on Syslog Socket.
[[0;32m  OK  [0m] Listening on Syslog Socket.
[   40.289868] systemd[1]: Listening on Device-mapper event daemon FIFOs.
[[0;32m  OK  [0m] Listening on Device-mapper event daemon FIFOs.
[   40.533319] systemd[1]: Created slice User and Session Slice.
[[0;32m  OK  [0m] Created slice User and Session Slice.
[   40.777123] systemd[1]: Listening on Journal Socket (/dev/log).
[[0;32m  OK  [0m] Listening on Journal Socket (/dev/log).
[   41.012656] systemd[1]: Listening on udev Control Socket.
[[0;32m  OK  [0m] Listening on udev Control Socket.
[   41.071994] systemd[1]: Listening on udev Kernel Socket.
[[0;32m  OK  [0m] Listening on udev Kernel Socket.
[   41.193294] systemd[1]: Listening on Journal Audit Socket.
[[0;32m  OK  [0m] Listening on Journal Audit Socket.
[   41.373496] systemd[1]: Created slice System Slice.
[[0;32m  OK  [0m] Created slice System Slice.
[   41.511977] systemd[1]: Reached target Slices.
[[0;32m  OK  [0m] Reached target Slices.
[   41.605411] systemd[1]: Created slice system-serial\x2dgetty.slice.
[[0;32m  OK  [0m] Created slice system-serial\x2dgetty.slice.
[   41.888622] systemd[1]: Reached target Encrypted Volumes.
[[0;32m  OK  [0m] Reached target Encrypted Volumes.
[   41.973372] systemd[1]: Reached target Swap.
[[0;32m  OK  [0m] Reached target Swap.
[   42.169479] systemd[1]: Listening on Journal Socket.
[[0;32m  OK  [0m] Listening on Journal Socket.
[   42.444449] systemd[1]: Mounting POSIX Message Queue File System...
         Mounting POSIX Message Queue File System...
[   42.500928] systemd[1]: Starting Remount Root and Kernel File Systems...
[   42.504589] EXT4-fs (sda1): re-mounted. Opts: (null)
         Starting Remount Root and Kernel File Systems...
[   42.812875] systemd[1]: Starting Load Kernel Modules...
[   42.926228] Loading iSCSI transport class v2.0-870.
         Starting Load Kernel Mo[   42.946882] iscsi: registered transport (tcp)
dules...
[   43.024363] systemd[1]: Mounting Huge Pages File System...
         Mounting Huge Pa[   43.104954] iscsi: registered transport (iser)
ges File System...
[   43.272801] systemd[1]: Starting Set console keymap...
         Starting Set console keymap...
[   43.457860] systemd[1]: Starting Journal Service...
         Starting Journal Service...
[   43.632985] systemd[1]: Starting Nameserver information manager...
         Starting Nameserver information manager...
[   43.808445] systemd[1]: Mounting Debug File System...
         Mounting Debug File System...
[   43.952472] systemd[1]: Starting Create list of required static device nodes for the current kernel...
         Starting Create list of required st... nodes for the current kernel...
[   44.181427] systemd[1]: Starting Uncomplicated firewall...
         Starting Uncomplicated firewall...
[   44.384364] systemd[1]: Listening on LVM2 metadata daemon socket.
[[0;32m  OK  [0m] Listening on LVM2 metadata daemon socket.
[   44.480714] systemd[1]: Starting Monitoring of LVM2 mirrors, snapshots etc. using dmeventd or progress polling...
         Starting Monitoring of LVM2 mirrors... dmeventd or progress polling...
[   44.754360] systemd[1]: Mounted Debug File System.
[[0;32m  OK  [0m] Mounted Debug File System.
[   44.932805] systemd[1]: Mounted POSIX Message Queue File System.
[[0;32m  OK  [0m] Mounted POSIX Message Queue File System.
[   45.169377] systemd[1]: Mounted Huge Pages File System.
[[0;32m  OK  [0m] Mounted Huge Pages File System.
[   45.296854] systemd[1]: Started Journal Service.
[[0;32m  OK  [0m] Started Journal Service.
[[0;32m  OK  [0m] Started Remount Root and Kernel File Systems.
[[0;32m  OK  [0m] Started Load Kernel Modules.
[[0;32m  OK  [0m] Started Set console keymap.
[[0;32m  OK  [0m] Started Create list of required sta...ce nodes for the current kernel.
[[0;32m  OK  [0m] Started Uncomplicated firewall.
[[0;32m  OK  [0m] Started Nameserver information manager.
[[0;32m  OK  [0m] Started LVM2 metadata daemon.
         Starting Create Static Device Nodes in /dev...
         Mounting FUSE Control File System...
         Starting Apply Kernel Variables...
         Starting Load/Save Random Seed...
         Starting Initial cloud-init job (pre-networking)...
         Starting udev Coldplug all Devices...
         Starting Flush Journal to Persistent Storage...
[[0;32m  OK  [0m] Mounted FUSE Control File System.
[[0;32m  OK  [0m] Started Monitoring of LVM2 mirrors,...ng dmeventd or progress polling.
[[0;32m  OK  [0m] Started Create Static Device Nodes in /dev.
[[0;32m  OK  [0m] Started Apply Kernel Variables.
[[0;32m  OK  [0m] Started Load/Save Random Seed.
[[0;32m  OK  [0m] Started udev Coldplug all Devices.
[[0;32m  OK  [0m] Started Flush Journal to Persistent Storage.
         Starting udev Kernel Device Manager...
[[0;32m  OK  [0m] Started udev Kernel Device Manager.
[[0;32m  OK  [0m] Started Dispatch Password Requests to Console Directory Watch.
[[0;32m  OK  [0m] Reached target Local File Systems (Pre).
[[0;32m  OK  [0m] Reached target Local File Systems.
         Starting Set console font and keymap...
         Starting Create Volatile Files and Directories...
         Starting LSB: AppArmor initialization...
         Starting Tell Plymouth To Write Out Runtime Data...
[[0;32m  OK  [0m] Started Create Volatile Files and Directories.
[[0;32m  OK  [0m] Started Tell Plymouth To Write Out Runtime Data.
[[0;32m  OK  [0m] Found device /dev/ttyS0.
         Starting Update UTMP about System Boot/Shutdown...
[   26.561222] cloud-init[461]: Cloud-init v. 0.7.9 running 'init-local' at Wed, 09 Aug 2017 01:16:55 +0000. Up 26.11 seconds.
[[0;32m  OK  [0m] Reached target System Time Synchronized.
[[0;32m  OK  [0m] Started Set console font and keymap.
[[0;32m  OK  [0m] Started LSB: AppArmor initialization.
[[0;32m  OK  [0m] Started Initial cloud-init job (pre-networking).
[[0;32m  OK  [0m] Started Update UTMP about System Boot/Shutdown.
[[0;32m  OK  [0m] Listening on Load/Save RF Kill Switch Status /dev/rfkill Watch.
[[0;32m  OK  [0m] Reached target Network (Pre).
[[0;32m  OK  [0m] Started ifup for enp0s3.
         Starting Raise network interfaces...
[[0;32m  OK  [0m] Created slice system-getty.slice.
[[0;32m  OK  [0m] Started Raise network interfaces.
[[0;32m  OK  [0m] Reached target Network.
         Starting Initial cloud-init job (metadata service crawler)...
[   29.612385] cloud-init[964]: Cloud-init v. 0.7.9 running 'init' at Wed, 09 Aug 2017 01:16:59 +0000. Up 29.34 seconds.
[   29.672726] [cloud-init[0;32m  OK  [0m[964]: ] ci-info: +++++++++++++++++++++++++++++++++++++Net device info++++++++++++++++++++++++++++++++++++++Started Initial cloud-init job (metadata service crawler).

[   29.673182] cloud-init[964]: ci-info: +--------+------+----------------------------+---------------+-------+-------------------+
[   29.886902] [cloud-init[0;32m  OK  [0m[964]: ] ci-info: | Device |  Up  |          Address           |      Mask     | Scope |     Hw-Address    |Reached target Cloud-config availability.

[   29.887593] [cloud-init[0;32m  OK  [0m[964]: ] ci-info: +--------+------+----------------------------+---------------+-------+-------------------+Reached target System Initialization.

[   30.053244] cloud-init[964]: ci-info: |   lo   | True |         127.0.0.1          |   255.0.0.0   |   .   |         .         |
[   30.236392] [cloud-init[0;32m  OK  [0m[964]: ] ci-info: |   lo   | True |          ::1/128           |       .       |  host |         .         |Started ACPI Events Check.

[[0;32m  OK  [0m] Reached target Paths.
[[0;32m  OK  [0m] Started Daily Cleanup of Temporary Directories.
[   30.237113] cloud-init[964]: ci-info: | enp0s3 | True |         10.0.2.15          | 255.255.255.0 |   .   | 02:55:49:e6:89:8c |
[   30.484875]          cloud-initStarting LXD - unix socket.[964]: 
ci-info: | enp0s3 | True | fe80::55:49ff:fee6:898c/64 |       .       |  link | 02:55:49:e6:89:8c |
[   30.624820] [cloud-init[0;32m  OK  [0m[964]: ] ci-info: +--------+------+----------------------------+---------------+-------+-------------------+Listening on UUID daemon activation socket.

[   30.625583] [cloud-init[0;32m  OK  [0m[964]: ] ci-info: +++++++++++++++++++++++++++Route IPv4 info++++++++++++++++++++++++++++Listening on D-Bus System Message Bus Socket.

         Starting Socket activation for snappy daemon.
[[0;32m  OK  [0m] Listening on ACPID Listen Socket.
[   30.749243] cloud-init[964]: ci-info: +-------+-------------+----------+---------------+-----------+-------+
[   30.928299] [cloud-init[0;32m  OK  [0m[964]: ] ci-info: | Route | Destination | Gateway  |    Genmask    | Interface | Flags |Started Timer to automatically refresh installed snaps.

[   30.992665] [cloud-init[0;32m  OK  [0m[964]: ] ci-info: +-------+-------------+----------+---------------+-----------+-------+Started Daily apt activities.

[   30.993193] [cloud-init[0;32m  OK  [0m[964]: ] ci-info: |   0   |   0.0.0.0   | 10.0.2.2 |    0.0.0.0    |   enp0s3  |   UG  |Reached target Timers.

[[0;32m  OK  [0m] Reached target Network is Online.
[   31.069299] cloud-init[964]: ci-info: |   1   |   10.0.2.0  | 0.0.0.0  | 255.255.255.0 |   enp0s3  |   U   |
[   31.212609]          cloud-initStarting iSCSI initiator daemon (iscsid)...[964]: 
ci-info: +-------+-------------+----------+---------------+-----------+-------+
[[0;32m  OK  [0m] Listening on LXD - unix socket.
[[0;32m  OK  [0m] Listening on Socket activation for snappy daemon.
[[0;32m  OK  [0m] Reached target Sockets.
[[0;32m  OK  [0m] Reached target Basic System.
         Starting LXD - container startup/shutdown...
         Starting LSB: Record successful boot for GRUB...
         Starting Accounts Service...
[[0;32m  OK  [0m] Started Unattended Upgrades Shutdown.
[[0;32m  OK  [0m] Started ACPI event daemon.
[[0;32m  OK  [0m] Started FUSE filesystem for LXC.
         Starting MySQL Community Server...
         Starting vboxadd.service...
[[0;32m  OK  [0m] Started Regular background program processing daemon.
         Starting /etc/rc.local Compatibility...
         Starting LSB: MD monitoring daemon...
[[0;32m  OK  [0m] Started Snappy daemon.
         Starting Auto import assertions from block devices...
         Starting Apply the settings specified in cloud-config...
         Starting System Logging Service...
         Starting OpenBSD Secure Shell server...
         Starting Login Service...
         Starting vboxadd-x11.service...
[[0;32m  OK  [0m] Started D-Bus System Message Bus.
[[0;32m  OK  [0m] Started Deferred execution scheduler.
[[0;32m  OK  [0m] Started System Logging Service.
[[0;32m  OK  [0m] Started OpenBSD Secure Shell server.
[[0;32m  OK  [0m] Started iSCSI initiator daemon (iscsid).
[[0;32m  OK  [0m] Started LXD - container startup/shutdown.
[[0;32m  OK  [0m] Started vboxadd.service.
[[0;32m  OK  [0m] Started /etc/rc.local Compatibility.
[[0;32m  OK  [0m] Started Auto import assertions from block devices.
[[0;32m  OK  [0m] Started vboxadd-x11.service.
[[0;32m  OK  [0m] Started LSB: Record successful boot for GRUB.
[[0;32m  OK  [0m] Started LSB: MD monitoring daemon.
[[0;32m  OK  [0m] Started Login Service.
         Starting Authenticate and Authorize Users to Run Privileged Tasks...
         Starting vboxadd-service.service...
         Starting Login to default iSCSI targets...
[[0;32m  OK  [0m] Started vboxadd-service.service.
[[0;32m  OK  [0m] Started Authenticate and Authorize Users to Run Privileged Tasks.
[[0;32m  OK  [0m] Started Accounts Service.
[   32.521642] cloud-init[1122]: Cloud-init v. 0.7.9 running 'modules:config' at Wed, 09 Aug 2017 01:17:01 +0000. Up 32.24 seconds.
[[0;32m  OK  [0m] Started Apply the settings specified in cloud-config.
[[0;32m  OK  [0m] Started Login to default iSCSI targets.
[[0;32m  OK  [0m] Reached target Remote File Systems (Pre).
[[0;32m  OK  [0m] Reached target Remote File Systems.
         Starting LSB: automatic crash report generation...
         Starting LSB: daemon to balance interrupts for SMP systems...
         Starting Permit User Sessions...
         Starting LSB: Set the CPU Frequency Scaling governor to "ondemand"...
[[0;32m  OK  [0m] Started Permit User Sessions.
         Starting Hold until boot process finishes up...
         Starting Terminate Plymouth Boot Screen...
[[0;32m  OK  [0m] Started LSB: automatic crash report generation.
[[0;32m  OK  [0m] Started LSB: daemon to balance interrupts for SMP systems.
[[0;32m  OK  [0m] Started LSB: Set the CPU Frequency Scaling governor to "ondemand".
[[0;32m  OK  [0m] Started Hold until boot process finishes up.
[[0;32m  OK  [0m] Started Terminate Plymouth Boot Screen.
[[0;32m  OK  [0m] Started Getty on tty1.
         Starting Set console scheme...
[[0;32m  OK  [0m] Started Serial Getty on ttyS0.
[[0;32m  OK  [0m] Reached target Login Prompts.
[[0;32m  OK  [0m] Started Set console scheme.
[[0;32m  OK  [0m] Started MySQL Community Server.
[[0;32m  OK  [0m] Reached target Multi-User System.
         Starting Execute cloud user/final scripts...
[[0;32m  OK  [0m] Reached target Graphical Interface.
         Starting Update UTMP about System Runlevel Changes...
[[0;32m  OK  [0m] Started Update UTMP about System Runlevel Changes.
[   34.804115] cloud-init[1314]: Cloud-init v. 0.7.9 running 'modules:final' at Wed, 09 Aug 2017 01:17:04 +0000. Up 34.66 seconds.
[   34.849562] cloud-init[1314]: Cloud-init v. 0.7.9 finished at Wed, 09 Aug 2017 01:17:04 +0000. Datasource DataSourceNoCloud [seed=/dev/sdb][dsmode=net].  Up 34.79 seconds
[[0;32m  OK  [0m] Started Execute cloud user/final scripts.
         Starting Daily apt activities...
[[0;32m  OK  [0m] Reached target Cloud-init target.

Ubuntu 16.04.2 LTS ubuntu-xenial ttyS0

ubuntu-xenial login: 